2024-07-02 17:27:14,246 - 'create_gdb'  7604.09 ms - INFO
2024-07-02 17:27:17,549 - 'set_arc_envs'  10907.89 ms - INFO
2024-07-02 17:27:18,463 - 'create_gdb'  912.48 ms - INFO
2024-07-02 17:27:21,335 - 'set_arc_envs'  3784.95 ms - INFO
2024-07-02 17:27:21,336 - CLIPPING VECTOR TO US BOUNDARY... - INFO
2024-07-02 17:32:54,847 - 'create_gdb'  2852.76 ms - INFO
2024-07-02 17:32:57,615 - 'set_arc_envs'  5620.92 ms - INFO
2024-07-02 17:32:58,384 - 'create_gdb'  767.76 ms - INFO
2024-07-02 17:33:01,062 - 'set_arc_envs'  3445.31 ms - INFO
2024-07-02 17:33:01,063 - CLIPPING VECTOR TO US BOUNDARY... - INFO
2024-07-02 17:38:45,863 - 'create_gdb'  1844.31 ms - INFO
2024-07-02 17:38:49,145 - 'set_arc_envs'  5126.28 ms - INFO
2024-07-02 17:38:50,044 - 'create_gdb'  897.06 ms - INFO
2024-07-02 17:38:52,643 - 'set_arc_envs'  3496.55 ms - INFO
2024-07-02 17:38:52,644 - CLIPPING VECTOR TO US BOUNDARY... - INFO
2024-07-02 17:40:52,145 - 'create_gdb'  2009.27 ms - INFO
2024-07-02 17:40:54,340 - 'set_arc_envs'  4204.61 ms - INFO
2024-07-02 17:40:55,292 - 'create_gdb'  950.79 ms - INFO
2024-07-02 17:40:57,263 - 'set_arc_envs'  2922.24 ms - INFO
2024-07-02 17:40:57,264 - CLIPPING VECTOR TO US BOUNDARY... - INFO
2024-07-02 17:43:06,524 - 'create_gdb'  1759.84 ms - INFO
2024-07-02 17:43:08,948 - 'set_arc_envs'  4183.18 ms - INFO
2024-07-02 17:43:08,949 - CLIPPING VECTOR TO US BOUNDARY... - INFO
2024-07-02 17:44:54,454 - 'clip_vector_to_us'  105505.09 ms - INFO
2024-07-02 17:44:54,455 - CONVERTING VECTOR TO RASTER... - INFO
2024-07-02 17:50:18,104 - 'create_gdb'  10395.51 ms - INFO
2024-07-02 17:50:19,692 - 'set_arc_envs'  11983.60 ms - INFO
2024-07-02 17:50:19,693 - CLIPPING VECTOR TO US BOUNDARY... - INFO
2024-07-02 17:52:02,987 - 'clip_vector_to_us'  103294.01 ms - INFO
2024-07-02 17:52:02,988 - CONVERTING VECTOR TO RASTER... - INFO
2024-07-02 17:53:36,319 - 'create_gdb'  1810.84 ms - INFO
2024-07-02 17:53:37,865 - 'set_arc_envs'  3356.79 ms - INFO
2024-07-02 17:53:37,865 - CLIPPING VECTOR TO US BOUNDARY... - INFO
2024-07-02 17:55:18,048 - 'clip_vector_to_us'  100182.84 ms - INFO
2024-07-02 17:55:18,049 - CONVERTING VECTOR TO RASTER... - INFO
2024-07-02 18:02:58,261 - 'create_gdb'  25805.85 ms - INFO
2024-07-02 18:02:59,824 - 'set_arc_envs'  27369.53 ms - INFO
2024-07-02 18:02:59,825 - CLIPPING VECTOR TO US BOUNDARY... - INFO
2024-07-02 18:02:59,826 - 'get_name'  0.00 ms - INFO
2024-07-02 18:04:38,467 - 'clip_vector_to_us'  98641.10 ms - INFO
2024-07-02 18:04:38,468 - CONVERTING VECTOR TO RASTER... - INFO
2024-07-02 18:06:21,778 - 'create_gdb'  1600.85 ms - INFO
2024-07-02 18:06:23,118 - 'set_arc_envs'  2941.22 ms - INFO
2024-07-02 18:06:23,119 - CLIPPING VECTOR TO US BOUNDARY... - INFO
2024-07-02 18:06:23,120 - 'get_name'  0.00 ms - INFO
2024-07-02 18:08:03,618 - 'clip_vector_to_us'  100499.45 ms - INFO
2024-07-02 18:08:03,619 - CONVERTING VECTOR TO RASTER... - INFO
2024-07-02 18:08:04,352 - 'get_name'  731.98 ms - INFO
2024-07-02 20:45:06,680 - 'convert_to_raster'  9423060.58 ms - INFO
2024-07-02 20:45:06,697 - SETTING SVI -999 VALUES TO NULL... - INFO
